[2025-02-14T23:17:15.945Z] INFO: 📚 Connected to MongoDB
[2025-02-14T23:17:18.826Z] INFO: 🧠 NLP Model Loaded from DB
[2025-02-14T23:30:14.915Z] INFO: Server is running on port 8888
[2025-02-14T23:30:14.917Z] INFO: 📚 Connected to MongoDB
[2025-02-14T23:30:15.590Z] INFO: 🧠 NLP Model Loaded from DB
[2025-02-14T23:30:37.018Z] INFO: Server is running on port 8888
[2025-02-14T23:30:37.021Z] INFO: 📚 Connected to MongoDB
[2025-02-14T23:30:38.802Z] INFO: 🧠 NLP Model Loaded from DB
[2025-02-14T23:39:04.264Z] INFO: Server is running on port 8888
[2025-02-14T23:39:04.267Z] INFO: 📚 Connected to MongoDB
[2025-02-14T23:39:04.943Z] INFO: 🧠 NLP Model Loaded from DB
[2025-02-14T23:56:08.972Z] INFO: Server is running on port 8888
[2025-02-14T23:56:08.979Z] INFO: 📚 Connected to MongoDB
[2025-02-14T23:56:09.927Z] INFO: 🧠 NLP Model Loaded from DB
[2025-02-15T00:01:41.962Z] INFO: Server is running on port 8888
[2025-02-15T00:01:41.966Z] INFO: 📚 Connected to MongoDB
[2025-02-15T00:01:42.799Z] INFO: 🧠 NLP Model Loaded from DB
[2025-02-15T00:01:59.550Z] INFO: Server is running on port 8888
[2025-02-15T00:01:59.554Z] INFO: 📚 Connected to MongoDB
[2025-02-15T00:02:00.217Z] INFO: 🧠 NLP Model Loaded from DB
[2025-02-15T00:05:31.440Z] INFO: Server is running on port 8888
[2025-02-15T00:05:31.443Z] INFO: 📚 Connected to MongoDB
[2025-02-15T00:05:32.267Z] INFO: 🧠 NLP Model Loaded from DB
[2025-02-15T00:05:59.070Z] INFO: Server is running on port 8888
[2025-02-15T00:05:59.072Z] INFO: 📚 Connected to MongoDB
[2025-02-15T00:05:59.821Z] INFO: 🧠 NLP Model Loaded from DB
[2025-02-15T00:19:28.891Z] INFO: Server is running on port 8888
[2025-02-15T00:19:28.897Z] INFO: 📚 Connected to MongoDB
[2025-02-15T00:19:29.666Z] INFO: 🧠 NLP Model Loaded from DB
[2025-02-15T00:23:39.257Z] INFO: Server is running on port 8888
[2025-02-15T00:23:39.259Z] INFO: 📚 Connected to MongoDB
[2025-02-15T00:23:40.125Z] INFO: 🧠 NLP Model Loaded from DB
[2025-02-15T00:29:31.087Z] INFO: Server is running on port 8888
[2025-02-15T00:29:31.095Z] INFO: 📚 Connected to MongoDB
[2025-02-15T00:29:31.925Z] INFO: 🧠 NLP Model Loaded from DB
[2025-02-15T00:30:44.804Z] INFO: Server is running on port 8888
[2025-02-15T00:30:44.808Z] INFO: 📚 Connected to MongoDB
[2025-02-15T00:30:45.511Z] INFO: 🧠 NLP Model Loaded from DB
[2025-02-15T08:09:11.076Z] INFO: NODE_ENV = development
[2025-02-15T08:09:11.077Z] INFO: Log directory: /Users/francescopezzini/Documents/iframe_airdrop/logs
[2025-02-15T08:09:11.160Z] INFO: Server is running on port 8888
[2025-02-15T08:09:11.160Z] INFO: 📚 Connected to MongoDB
[2025-02-15T08:09:11.160Z] INFO: Mongoose readyState: 2
[2025-02-15T08:09:14.022Z] INFO: 🧠 NLP Model Loaded from DB
